Base path: 'C:/Program Files/Unity/Hub/Editor/2019.4.21f1/Editor/Data', plugins path 'C:/Program Files/Unity/Hub/Editor/2019.4.21f1/Editor/Data/PlaybackEngines'
Cmd: initializeCompiler
Cmd: compileComputeKernel
  api=4 insize=21107 outsize=27345 ok=1
Cmd: compileComputeKernel
  api=4 insize=4415 outsize=695 ok=1
Cmd: compileComputeKernel
  api=4 insize=9677 outsize=7389 ok=1
Cmd: compileComputeKernel
  api=4 insize=4693 outsize=667 ok=1
Cmd: compileComputeKernel
  api=4 insize=13862 outsize=2343 ok=1
Cmd: compileComputeKernel
  api=4 insize=3105 outsize=2047 ok=1
Cmd: compileComputeKernel
  api=4 insize=39604 outsize=36609 ok=1
Cmd: compileComputeKernel
  api=4 insize=39604 outsize=1590 ok=1
Cmd: compileComputeKernel
  api=4 insize=21755 outsize=14720 ok=1
Cmd: compileComputeKernel
  api=4 insize=2217 outsize=987 ok=1
Cmd: compileComputeKernel
  api=4 insize=6028 outsize=2451 ok=1
Cmd: compileComputeKernel
  api=4 insize=6596 outsize=2822 ok=1
Cmd: compileComputeKernel
  api=4 insize=8929 outsize=2140 ok=1
Cmd: compileComputeKernel
  api=4 insize=16083 outsize=34465 ok=1
Cmd: compileComputeKernel
  api=4 insize=16083 outsize=58181 ok=1
Cmd: compileComputeKernel
  api=4 insize=16083 outsize=45285 ok=1
Cmd: compileComputeKernel
  api=4 insize=16083 outsize=40379 ok=1
Cmd: compileComputeKernel
  api=4 insize=8565 outsize=5561 ok=1
Cmd: compileComputeKernel
  api=4 insize=27979 outsize=6006 ok=1
Cmd: compileComputeKernel
  api=4 insize=13599 outsize=2288 ok=1
Cmd: compileSnippet
  api=4 type=0 insize=7774 outsize=1726 kw=DECALS_3RT _NORMALMAP_TANGENT_SPACE pd=UNITY_ENABLE_REFLECTION_BUFFERS UNITY_USE_DITHER_MASK_FOR_ALPHABLENDED_SHADOWS UNITY_PBS_USE_BRDF1 UNITY_SPECCUBE_BOX_PROJECTION UNITY_SPECCUBE_BLENDING UNITY_ENABLE_DETAIL_NORMALMAP SHADER_API_DESKTOP UNITY_LIGHT_PROBE_PROXY_VOLUME UNITY_LIGHTMAP_FULL_HDR ok=1
