Base path: 'C:/Program Files/Unity/Hub/Editor/2019.4.21f1/Editor/Data', plugins path 'C:/Program Files/Unity/Hub/Editor/2019.4.21f1/Editor/Data/PlaybackEngines'
Cmd: initializeCompiler
Cmd: compileComputeKernel
  api=4 insize=9342 outsize=3270 ok=1
Cmd: compileComputeKernel
  api=4 insize=9677 outsize=4118 ok=1
Cmd: compileComputeKernel
  api=4 insize=4693 outsize=2835 ok=1
Cmd: compileComputeKernel
  api=4 insize=10824 outsize=666 ok=1
Cmd: compileComputeKernel
  api=4 insize=39604 outsize=41056 ok=1
Cmd: compileComputeKernel
  api=4 insize=21755 outsize=15349 ok=1
Cmd: compileComputeKernel
  api=4 insize=21811 outsize=982 ok=1
Cmd: compileComputeKernel
  api=4 insize=2988 outsize=1860 ok=1
Cmd: compileComputeKernel
  api=4 insize=6596 outsize=1808 ok=1
Cmd: compileComputeKernel
  api=4 insize=8350 outsize=2100 ok=1
Cmd: compileComputeKernel
  api=4 insize=25900 outsize=324 ok=1
Cmd: compileComputeKernel
  api=4 insize=16083 outsize=119411 ok=1
Cmd: compileComputeKernel
  api=4 insize=16083 outsize=103830 ok=1
Cmd: compileComputeKernel
  api=4 insize=7401 outsize=1128 ok=1
Cmd: compileComputeKernel
  api=4 insize=10327 outsize=7594 ok=1
Cmd: compileSnippet
  api=4 type=0 insize=2355 outsize=790 kw= pd=UNITY_ENABLE_REFLECTION_BUFFERS UNITY_USE_DITHER_MASK_FOR_ALPHABLENDED_SHADOWS UNITY_PBS_USE_BRDF1 UNITY_SPECCUBE_BOX_PROJECTION UNITY_SPECCUBE_BLENDING UNITY_ENABLE_DETAIL_NORMALMAP SHADER_API_DESKTOP UNITY_LIGHT_PROBE_PROXY_VOLUME UNITY_LIGHTMAP_FULL_HDR ok=1
