Base path: 'C:/Program Files/Unity/Hub/Editor/2019.4.21f1/Editor/Data', plugins path 'C:/Program Files/Unity/Hub/Editor/2019.4.21f1/Editor/Data/PlaybackEngines'
Cmd: initializeCompiler
Cmd: compileComputeKernel
  api=4 insize=824 outsize=330 ok=1
Cmd: compileComputeKernel
  api=4 insize=9677 outsize=5246 ok=1
Cmd: compileComputeKernel
  api=4 insize=21900 outsize=21741 ok=1
Cmd: compileComputeKernel
  api=4 insize=4693 outsize=682 ok=1
Cmd: compileComputeKernel
  api=4 insize=1326 outsize=678 ok=1
Cmd: compileComputeKernel
  api=4 insize=13862 outsize=1892 ok=1
Cmd: compileComputeKernel
  api=4 insize=3105 outsize=3237 ok=1
Cmd: compileComputeKernel
  api=4 insize=39604 outsize=37933 ok=1
Cmd: compileComputeKernel
  api=4 insize=8319 outsize=984 ok=1
Cmd: compileComputeKernel
  api=4 insize=21755 outsize=15194 ok=1
Cmd: compileComputeKernel
  api=4 insize=8045 outsize=5777 ok=1
Cmd: compileComputeKernel
  api=4 insize=6028 outsize=2350 ok=1
Cmd: compileComputeKernel
  api=4 insize=6596 outsize=3022 ok=1
Cmd: compileComputeKernel
  api=4 insize=8929 outsize=4256 ok=1
Cmd: compileComputeKernel
  api=4 insize=25900 outsize=15695 ok=1
Cmd: compileComputeKernel
  api=4 insize=16083 outsize=116874 ok=1
Cmd: compileComputeKernel
  api=4 insize=3829 outsize=4173 ok=1
Cmd: compileComputeKernel
  api=4 insize=1176 outsize=893 ok=1
Cmd: compileComputeKernel
  api=4 insize=7401 outsize=1261 ok=1
Cmd: compileComputeKernel
  api=4 insize=10327 outsize=9624 ok=1
Cmd: compileSnippet
  api=4 type=1 insize=2355 outsize=402 kw= pd=UNITY_ENABLE_REFLECTION_BUFFERS UNITY_USE_DITHER_MASK_FOR_ALPHABLENDED_SHADOWS UNITY_PBS_USE_BRDF1 UNITY_SPECCUBE_BOX_PROJECTION UNITY_SPECCUBE_BLENDING UNITY_ENABLE_DETAIL_NORMALMAP SHADER_API_DESKTOP UNITY_LIGHT_PROBE_PROXY_VOLUME UNITY_LIGHTMAP_FULL_HDR ok=1
