Base path: 'C:/Program Files/Unity/Hub/Editor/2019.4.21f1/Editor/Data', plugins path 'C:/Program Files/Unity/Hub/Editor/2019.4.21f1/Editor/Data/PlaybackEngines'
Cmd: initializeCompiler
Cmd: compileComputeKernel
  api=4 insize=21107 outsize=27350 ok=1
Cmd: compileComputeKernel
  api=4 insize=4415 outsize=2864 ok=1
Cmd: compileComputeKernel
  api=4 insize=9677 outsize=4006 ok=1
Cmd: compileComputeKernel
  api=4 insize=4693 outsize=677 ok=1
Cmd: compileComputeKernel
  api=4 insize=13862 outsize=666 ok=1
Cmd: compileComputeKernel
  api=4 insize=10824 outsize=4192 ok=1
Cmd: compileComputeKernel
  api=4 insize=39604 outsize=40234 ok=1
Cmd: compileComputeKernel
  api=4 insize=3612 outsize=1164 ok=1
Cmd: compileComputeKernel
  api=4 insize=3632 outsize=1426 ok=1
Cmd: compileComputeKernel
  api=4 insize=8045 outsize=1857 ok=1
Cmd: compileComputeKernel
  api=4 insize=6028 outsize=2156 ok=1
Cmd: compileComputeKernel
  api=4 insize=6596 outsize=4889 ok=1
Cmd: compileComputeKernel
  api=4 insize=8929 outsize=2745 ok=1
Cmd: compileComputeKernel
  api=4 insize=16083 outsize=43396 ok=1
Cmd: compileComputeKernel
  api=4 insize=16083 outsize=38470 ok=1
Cmd: compileComputeKernel
  api=4 insize=16083 outsize=70166 ok=1
Cmd: compileComputeKernel
  api=4 insize=16083 outsize=49950 ok=1
Cmd: compileComputeKernel
  api=4 insize=5725 outsize=629 ok=1
Cmd: compileSnippet
  api=4 type=1 insize=3007 outsize=1050 kw= pd=UNITY_ENABLE_REFLECTION_BUFFERS UNITY_USE_DITHER_MASK_FOR_ALPHABLENDED_SHADOWS UNITY_PBS_USE_BRDF1 UNITY_SPECCUBE_BOX_PROJECTION UNITY_SPECCUBE_BLENDING UNITY_ENABLE_DETAIL_NORMALMAP SHADER_API_DESKTOP UNITY_LIGHT_PROBE_PROXY_VOLUME UNITY_LIGHTMAP_FULL_HDR ok=1
Cmd: compileSnippet
  api=4 type=1 insize=2487 outsize=9070 kw=DECALS_3RT _NORMALMAP _TERRAIN_INSTANCED_PERPIXEL_NORMAL pd=UNITY_ENABLE_REFLECTION_BUFFERS UNITY_USE_DITHER_MASK_FOR_ALPHABLENDED_SHADOWS UNITY_PBS_USE_BRDF1 UNITY_SPECCUBE_BOX_PROJECTION UNITY_SPECCUBE_BLENDING UNITY_ENABLE_DETAIL_NORMALMAP SHADER_API_DESKTOP UNITY_LIGHT_PROBE_PROXY_VOLUME UNITY_LIGHTMAP_FULL_HDR ok=1
Cmd: compileSnippet
  api=4 type=1 insize=7198 outsize=562 kw=UNITY_PASS_MOTIONVECTORS _NORMALMAP_TANGENT_SPACE pd=UNITY_ENABLE_REFLECTION_BUFFERS UNITY_USE_DITHER_MASK_FOR_ALPHABLENDED_SHADOWS UNITY_PBS_USE_BRDF1 UNITY_SPECCUBE_BOX_PROJECTION UNITY_SPECCUBE_BLENDING UNITY_ENABLE_DETAIL_NORMALMAP SHADER_API_DESKTOP UNITY_LIGHT_PROBE_PROXY_VOLUME UNITY_LIGHTMAP_FULL_HDR ok=1
Cmd: compileSnippet
  api=4 type=1 insize=1252 outsize=250 kw=UNITY_PASS_SHADOWCASTER _TERRAIN_INSTANCED_PERPIXEL_NORMAL pd=UNITY_ENABLE_REFLECTION_BUFFERS UNITY_USE_DITHER_MASK_FOR_ALPHABLENDED_SHADOWS UNITY_PBS_USE_BRDF1 UNITY_SPECCUBE_BOX_PROJECTION UNITY_SPECCUBE_BLENDING UNITY_ENABLE_DETAIL_NORMALMAP SHADER_API_DESKTOP UNITY_LIGHT_PROBE_PROXY_VOLUME UNITY_LIGHTMAP_FULL_HDR ok=1
