Base path: 'C:/Program Files/Unity/Hub/Editor/2019.4.21f1/Editor/Data', plugins path 'C:/Program Files/Unity/Hub/Editor/2019.4.21f1/Editor/Data/PlaybackEngines'
Cmd: initializeCompiler
Cmd: compileComputeKernel
  api=4 insize=9677 outsize=4981 ok=1
Cmd: compileComputeKernel
  api=4 insize=4693 outsize=2751 ok=1
Cmd: compileComputeKernel
  api=4 insize=10824 outsize=4742 ok=1
Cmd: compileComputeKernel
  api=4 insize=39604 outsize=35783 ok=1
Cmd: compileComputeKernel
  api=4 insize=9567 outsize=13328 ok=1
Cmd: compileComputeKernel
  api=4 insize=21811 outsize=5502 ok=1
Cmd: compileComputeKernel
  api=4 insize=6596 outsize=1174 ok=1
Cmd: compileComputeKernel
  api=4 insize=6596 outsize=764 ok=1
Cmd: compileComputeKernel
  api=4 insize=16083 outsize=16207 ok=1
Cmd: compileComputeKernel
  api=4 insize=16083 outsize=34432 ok=1
Cmd: compileComputeKernel
  api=4 insize=16083 outsize=38626 ok=1
Cmd: compileComputeKernel
  api=4 insize=16083 outsize=101293 ok=1
Cmd: compileComputeKernel
  api=4 insize=5725 outsize=5009 ok=1
Cmd: compileComputeKernel
  api=4 insize=3786 outsize=1613 ok=1
Cmd: compileComputeKernel
  api=4 insize=3383 outsize=2127 ok=1
Cmd: compileComputeKernel
  api=4 insize=8603 outsize=94423 ok=1
Cmd: compileSnippet
  api=4 type=0 insize=1252 outsize=1630 kw=UNITY_PASS_SHADOWCASTER _TERRAIN_INSTANCED_PERPIXEL_NORMAL pd=UNITY_ENABLE_REFLECTION_BUFFERS UNITY_USE_DITHER_MASK_FOR_ALPHABLENDED_SHADOWS UNITY_PBS_USE_BRDF1 UNITY_SPECCUBE_BOX_PROJECTION UNITY_SPECCUBE_BLENDING UNITY_ENABLE_DETAIL_NORMALMAP SHADER_API_DESKTOP UNITY_LIGHT_PROBE_PROXY_VOLUME UNITY_LIGHTMAP_FULL_HDR ok=1
