Base path: 'C:/Program Files/Unity/Hub/Editor/2019.4.21f1/Editor/Data', plugins path 'C:/Program Files/Unity/Hub/Editor/2019.4.21f1/Editor/Data/PlaybackEngines'
Cmd: initializeCompiler
Cmd: compileComputeKernel
  api=4 insize=9677 outsize=5355 ok=1
Cmd: compileComputeKernel
  api=4 insize=4693 outsize=3427 ok=1
Cmd: compileComputeKernel
  api=4 insize=13862 outsize=665 ok=1
Cmd: compileComputeKernel
  api=4 insize=10824 outsize=3978 ok=1
Cmd: compileComputeKernel
  api=4 insize=39604 outsize=41056 ok=1
Cmd: compileComputeKernel
  api=4 insize=3612 outsize=1076 ok=1
Cmd: compileComputeKernel
  api=4 insize=11234 outsize=4119 ok=1
Cmd: compileComputeKernel
  api=4 insize=7638 outsize=7557 ok=1
Cmd: compileComputeKernel
  api=4 insize=6596 outsize=695 ok=1
Cmd: compileComputeKernel
  api=4 insize=6596 outsize=1243 ok=1
Cmd: compileComputeKernel
  api=4 insize=25900 outsize=13735 ok=1
Cmd: compileComputeKernel
  api=4 insize=16083 outsize=14952 ok=1
Cmd: compileComputeKernel
  api=4 insize=16083 outsize=79579 ok=1
Cmd: compileComputeKernel
  api=4 insize=16083 outsize=43003 ok=1
Cmd: compileComputeKernel
  api=4 insize=16083 outsize=60446 ok=1
Cmd: compileComputeKernel
  api=4 insize=27979 outsize=3504 ok=1
Cmd: compileComputeKernel
  api=4 insize=7401 outsize=6491 ok=1
Cmd: compileSnippet
  api=4 type=0 insize=1315 outsize=402 kw= pd=UNITY_ENABLE_REFLECTION_BUFFERS UNITY_USE_DITHER_MASK_FOR_ALPHABLENDED_SHADOWS UNITY_PBS_USE_BRDF1 UNITY_SPECCUBE_BOX_PROJECTION UNITY_SPECCUBE_BLENDING UNITY_ENABLE_DETAIL_NORMALMAP SHADER_API_DESKTOP UNITY_LIGHT_PROBE_PROXY_VOLUME UNITY_LIGHTMAP_FULL_HDR ok=1
Cmd: compileSnippet
  api=4 type=0 insize=2030 outsize=1630 kw=UNITY_PASS_SHADOWCASTER _NORMALMAP _TERRAIN_INSTANCED_PERPIXEL_NORMAL pd=UNITY_ENABLE_REFLECTION_BUFFERS UNITY_USE_DITHER_MASK_FOR_ALPHABLENDED_SHADOWS UNITY_PBS_USE_BRDF1 UNITY_SPECCUBE_BOX_PROJECTION UNITY_SPECCUBE_BLENDING UNITY_ENABLE_DETAIL_NORMALMAP SHADER_API_DESKTOP UNITY_LIGHT_PROBE_PROXY_VOLUME UNITY_LIGHTMAP_FULL_HDR ok=1
Cmd: compileSnippet
  api=4 type=0 insize=7198 outsize=1834 kw=UNITY_PASS_MOTIONVECTORS _NORMALMAP_TANGENT_SPACE pd=UNITY_ENABLE_REFLECTION_BUFFERS UNITY_USE_DITHER_MASK_FOR_ALPHABLENDED_SHADOWS UNITY_PBS_USE_BRDF1 UNITY_SPECCUBE_BOX_PROJECTION UNITY_SPECCUBE_BLENDING UNITY_ENABLE_DETAIL_NORMALMAP SHADER_API_DESKTOP UNITY_LIGHT_PROBE_PROXY_VOLUME UNITY_LIGHTMAP_FULL_HDR ok=1
