Base path: 'C:/Program Files/Unity/Hub/Editor/2019.4.21f1/Editor/Data', plugins path 'C:/Program Files/Unity/Hub/Editor/2019.4.21f1/Editor/Data/PlaybackEngines'
Cmd: initializeCompiler
Cmd: compileComputeKernel
  api=4 insize=9677 outsize=5181 ok=1
Cmd: compileComputeKernel
  api=4 insize=4693 outsize=2830 ok=1
Cmd: compileComputeKernel
  api=4 insize=2539 outsize=869 ok=1
Cmd: compileComputeKernel
  api=4 insize=10824 outsize=4742 ok=1
Cmd: compileComputeKernel
  api=4 insize=39604 outsize=41874 ok=1
Cmd: compileComputeKernel
  api=4 insize=3612 outsize=1164 ok=1
Cmd: compileComputeKernel
  api=4 insize=7638 outsize=8181 ok=1
Cmd: compileComputeKernel
  api=4 insize=6028 outsize=2809 ok=1
Cmd: compileComputeKernel
  api=4 insize=6596 outsize=2911 ok=1
Cmd: compileComputeKernel
  api=4 insize=8929 outsize=2780 ok=1
Cmd: compileComputeKernel
  api=4 insize=16083 outsize=67609 ok=1
Cmd: compileComputeKernel
  api=4 insize=16083 outsize=14963 ok=1
Cmd: compileComputeKernel
  api=4 insize=16083 outsize=50897 ok=1
Cmd: compileComputeKernel
  api=4 insize=16083 outsize=47986 ok=1
Cmd: compileComputeKernel
  api=4 insize=27979 outsize=16306 ok=1
Cmd: compileComputeKernel
  api=4 insize=3617 outsize=2561 ok=1
Cmd: compileComputeKernel
  api=4 insize=13599 outsize=3986 ok=1
Cmd: compileSnippet
  api=4 type=1 insize=3177 outsize=2022 kw= pd=UNITY_ENABLE_REFLECTION_BUFFERS UNITY_USE_DITHER_MASK_FOR_ALPHABLENDED_SHADOWS UNITY_PBS_USE_BRDF1 UNITY_SPECCUBE_BOX_PROJECTION UNITY_SPECCUBE_BLENDING UNITY_ENABLE_DETAIL_NORMALMAP SHADER_API_DESKTOP UNITY_LIGHT_PROBE_PROXY_VOLUME UNITY_LIGHTMAP_FULL_HDR ok=1
Cmd: compileSnippet
  api=4 type=0 insize=2567 outsize=810 kw=_NORMALMAP _TERRAIN_INSTANCED_PERPIXEL_NORMAL pd=UNITY_ENABLE_REFLECTION_BUFFERS UNITY_USE_DITHER_MASK_FOR_ALPHABLENDED_SHADOWS UNITY_PBS_USE_BRDF1 UNITY_SPECCUBE_BOX_PROJECTION UNITY_SPECCUBE_BLENDING UNITY_ENABLE_DETAIL_NORMALMAP SHADER_API_DESKTOP UNITY_LIGHT_PROBE_PROXY_VOLUME UNITY_LIGHTMAP_FULL_HDR ok=1
Cmd: compileSnippet
  api=4 type=1 insize=2984 outsize=470 kw= pd=UNITY_ENABLE_REFLECTION_BUFFERS UNITY_USE_DITHER_MASK_FOR_ALPHABLENDED_SHADOWS UNITY_PBS_USE_BRDF1 UNITY_SPECCUBE_BOX_PROJECTION UNITY_SPECCUBE_BLENDING UNITY_ENABLE_DETAIL_NORMALMAP SHADER_API_DESKTOP UNITY_LIGHT_PROBE_PROXY_VOLUME UNITY_LIGHTMAP_FULL_HDR ok=1
