Base path: 'C:/Program Files/Unity/Hub/Editor/2019.4.21f1/Editor/Data', plugins path 'C:/Program Files/Unity/Hub/Editor/2019.4.21f1/Editor/Data/PlaybackEngines'
Cmd: initializeCompiler
Cmd: compileComputeKernel
  api=4 insize=16402 outsize=8237 ok=1
Cmd: compileComputeKernel
  api=4 insize=9677 outsize=6108 ok=1
Cmd: compileComputeKernel
  api=4 insize=4693 outsize=3422 ok=1
Cmd: compileComputeKernel
  api=4 insize=10824 outsize=880 ok=1
Cmd: compileComputeKernel
  api=4 insize=846 outsize=578 ok=1
Cmd: compileComputeKernel
  api=4 insize=39604 outsize=37115 ok=1
Cmd: compileComputeKernel
  api=4 insize=3612 outsize=1076 ok=1
Cmd: compileComputeKernel
  api=4 insize=11234 outsize=3279 ok=1
Cmd: compileComputeKernel
  api=4 insize=7638 outsize=7524 ok=1
Cmd: compileComputeKernel
  api=4 insize=21811 outsize=5427 ok=1
Cmd: compileComputeKernel
  api=4 insize=6596 outsize=1366 ok=1
Cmd: compileComputeKernel
  api=4 insize=9902 outsize=8391 ok=1
Cmd: compileComputeKernel
  api=4 insize=25900 outsize=15415 ok=1
Cmd: compileComputeKernel
  api=4 insize=16083 outsize=35925 ok=1
Cmd: compileComputeKernel
  api=4 insize=16083 outsize=70318 ok=1
Cmd: compileComputeKernel
  api=4 insize=16083 outsize=33644 ok=1
Cmd: compileComputeKernel
  api=4 insize=16083 outsize=50619 ok=1
Cmd: compileComputeKernel
  api=4 insize=16083 outsize=53586 ok=1
Cmd: compileComputeKernel
  api=4 insize=13599 outsize=3563 ok=1
Cmd: compileSnippet
  api=4 type=1 insize=1315 outsize=222 kw= pd=UNITY_ENABLE_REFLECTION_BUFFERS UNITY_USE_DITHER_MASK_FOR_ALPHABLENDED_SHADOWS UNITY_PBS_USE_BRDF1 UNITY_SPECCUBE_BOX_PROJECTION UNITY_SPECCUBE_BLENDING UNITY_ENABLE_DETAIL_NORMALMAP SHADER_API_DESKTOP UNITY_LIGHT_PROBE_PROXY_VOLUME UNITY_LIGHTMAP_FULL_HDR ok=1
Cmd: compileSnippet
  api=4 type=1 insize=2567 outsize=142 kw=_NORMALMAP _TERRAIN_INSTANCED_PERPIXEL_NORMAL pd=UNITY_ENABLE_REFLECTION_BUFFERS UNITY_USE_DITHER_MASK_FOR_ALPHABLENDED_SHADOWS UNITY_PBS_USE_BRDF1 UNITY_SPECCUBE_BOX_PROJECTION UNITY_SPECCUBE_BLENDING UNITY_ENABLE_DETAIL_NORMALMAP SHADER_API_DESKTOP UNITY_LIGHT_PROBE_PROXY_VOLUME UNITY_LIGHTMAP_FULL_HDR ok=1
