Base path: 'C:/Program Files/Unity/Hub/Editor/2019.4.21f1/Editor/Data', plugins path 'C:/Program Files/Unity/Hub/Editor/2019.4.21f1/Editor/Data/PlaybackEngines'
Cmd: initializeCompiler
Cmd: compileComputeKernel
  api=4 insize=16402 outsize=10676 ok=1
Cmd: compileComputeKernel
  api=4 insize=16051 outsize=2847 ok=1
Cmd: compileComputeKernel
  api=4 insize=9677 outsize=5133 ok=1
Cmd: compileComputeKernel
  api=4 insize=13862 outsize=1905 ok=1
Cmd: compileComputeKernel
  api=4 insize=39604 outsize=39488 ok=1
Cmd: compileComputeKernel
  api=4 insize=8319 outsize=1015 ok=1
Cmd: compileComputeKernel
  api=4 insize=21755 outsize=14875 ok=1
Cmd: compileComputeKernel
  api=4 insize=8045 outsize=544 ok=1
Cmd: compileComputeKernel
  api=4 insize=6028 outsize=2417 ok=1
Cmd: compileComputeKernel
  api=4 insize=6596 outsize=1877 ok=1
Cmd: compileComputeKernel
  api=4 insize=25900 outsize=15377 ok=1
Cmd: compileComputeKernel
  api=4 insize=16083 outsize=98853 ok=1
Cmd: compileComputeKernel
  api=4 insize=16083 outsize=72731 ok=1
Cmd: compileSnippet
  api=4 type=0 insize=7306 outsize=810 kw=_NORMALMAP_TANGENT_SPACE pd=UNITY_ENABLE_REFLECTION_BUFFERS UNITY_USE_DITHER_MASK_FOR_ALPHABLENDED_SHADOWS UNITY_PBS_USE_BRDF1 UNITY_SPECCUBE_BOX_PROJECTION UNITY_SPECCUBE_BLENDING UNITY_ENABLE_DETAIL_NORMALMAP SHADER_API_DESKTOP UNITY_LIGHT_PROBE_PROXY_VOLUME UNITY_LIGHTMAP_FULL_HDR ok=1
