Base path: 'C:/Program Files/Unity/Hub/Editor/2019.4.21f1/Editor/Data', plugins path 'C:/Program Files/Unity/Hub/Editor/2019.4.21f1/Editor/Data/PlaybackEngines'
Cmd: initializeCompiler
Cmd: compileComputeKernel
  api=4 insize=21107 outsize=94665 ok=1
Cmd: compileComputeKernel
  api=4 insize=9677 outsize=8705 ok=1
Cmd: compileComputeKernel
  api=4 insize=4693 outsize=662 ok=1
Cmd: compileComputeKernel
  api=4 insize=2681 outsize=2186 ok=1
Cmd: compileComputeKernel
  api=4 insize=10824 outsize=4877 ok=1
Cmd: compileComputeKernel
  api=4 insize=39604 outsize=37115 ok=1
Cmd: compileComputeKernel
  api=4 insize=21755 outsize=15432 ok=1
Cmd: compileComputeKernel
  api=4 insize=9567 outsize=8301 ok=1
Cmd: compileComputeKernel
  api=4 insize=21811 outsize=1026 ok=1
Cmd: compileComputeKernel
  api=4 insize=6596 outsize=3091 ok=1
Cmd: compileComputeKernel
  api=4 insize=8929 outsize=2745 ok=1
Cmd: compileComputeKernel
  api=4 insize=16083 outsize=57905 ok=1
Cmd: compileComputeKernel
  api=4 insize=16083 outsize=36104 ok=1
Cmd: compileComputeKernel
  api=4 insize=16083 outsize=46161 ok=1
Cmd: compileComputeKernel
  api=4 insize=16083 outsize=82072 ok=1
Cmd: compileComputeKernel
  api=4 insize=3607 outsize=4319 ok=1
Cmd: compileComputeKernel
  api=4 insize=2512 outsize=757 ok=1
Cmd: compileComputeKernel
  api=4 insize=10812 outsize=9126 ok=1
Cmd: compileComputeKernel
  api=4 insize=8603 outsize=41078 ok=1
Cmd: compileSnippet
  api=4 type=1 insize=7306 outsize=142 kw=_NORMALMAP_TANGENT_SPACE pd=UNITY_ENABLE_REFLECTION_BUFFERS UNITY_USE_DITHER_MASK_FOR_ALPHABLENDED_SHADOWS UNITY_PBS_USE_BRDF1 UNITY_SPECCUBE_BOX_PROJECTION UNITY_SPECCUBE_BLENDING UNITY_ENABLE_DETAIL_NORMALMAP SHADER_API_DESKTOP UNITY_LIGHT_PROBE_PROXY_VOLUME UNITY_LIGHTMAP_FULL_HDR ok=1
