Base path: 'C:/Program Files/Unity/Hub/Editor/2019.4.21f1/Editor/Data', plugins path 'C:/Program Files/Unity/Hub/Editor/2019.4.21f1/Editor/Data/PlaybackEngines'
Cmd: initializeCompiler
Cmd: compileComputeKernel
  api=4 insize=9677 outsize=7590 ok=1
Cmd: compileComputeKernel
  api=4 insize=4693 outsize=885 ok=1
Cmd: compileComputeKernel
  api=4 insize=2681 outsize=2268 ok=1
Cmd: compileComputeKernel
  api=4 insize=39604 outsize=36609 ok=1
Cmd: compileComputeKernel
  api=4 insize=3612 outsize=1164 ok=1
Cmd: compileComputeKernel
  api=4 insize=11234 outsize=257 ok=1
Cmd: compileComputeKernel
  api=4 insize=9567 outsize=7830 ok=1
Cmd: compileComputeKernel
  api=4 insize=6028 outsize=2055 ok=1
Cmd: compileComputeKernel
  api=4 insize=6596 outsize=1297 ok=1
Cmd: compileComputeKernel
  api=4 insize=25900 outsize=16121 ok=1
Cmd: compileComputeKernel
  api=4 insize=16083 outsize=48644 ok=1
Cmd: compileComputeKernel
  api=4 insize=16083 outsize=79894 ok=1
Cmd: compileComputeKernel
  api=4 insize=16083 outsize=36029 ok=1
Cmd: compileComputeKernel
  api=4 insize=16083 outsize=36345 ok=1
Cmd: compileComputeKernel
  api=4 insize=8565 outsize=5787 ok=1
Cmd: compileComputeKernel
  api=4 insize=27979 outsize=1036 ok=1
Cmd: compileComputeKernel
  api=4 insize=11912 outsize=1307 ok=1
Cmd: compileComputeKernel
  api=4 insize=7401 outsize=1322 ok=1
Cmd: compileComputeKernel
  api=4 insize=10327 outsize=3155 ok=1
Cmd: compileSnippet
  api=4 type=0 insize=3007 outsize=402 kw= pd=UNITY_ENABLE_REFLECTION_BUFFERS UNITY_USE_DITHER_MASK_FOR_ALPHABLENDED_SHADOWS UNITY_PBS_USE_BRDF1 UNITY_SPECCUBE_BOX_PROJECTION UNITY_SPECCUBE_BLENDING UNITY_ENABLE_DETAIL_NORMALMAP SHADER_API_DESKTOP UNITY_LIGHT_PROBE_PROXY_VOLUME UNITY_LIGHTMAP_FULL_HDR ok=1
Cmd: compileSnippet
  api=4 type=0 insize=2487 outsize=1630 kw=DECALS_3RT _NORMALMAP _TERRAIN_INSTANCED_PERPIXEL_NORMAL pd=UNITY_ENABLE_REFLECTION_BUFFERS UNITY_USE_DITHER_MASK_FOR_ALPHABLENDED_SHADOWS UNITY_PBS_USE_BRDF1 UNITY_SPECCUBE_BOX_PROJECTION UNITY_SPECCUBE_BLENDING UNITY_ENABLE_DETAIL_NORMALMAP SHADER_API_DESKTOP UNITY_LIGHT_PROBE_PROXY_VOLUME UNITY_LIGHTMAP_FULL_HDR ok=1
