Base path: 'C:/Program Files/Unity/Hub/Editor/2019.4.21f1/Editor/Data', plugins path 'C:/Program Files/Unity/Hub/Editor/2019.4.21f1/Editor/Data/PlaybackEngines'
Cmd: initializeCompiler
Cmd: compileComputeKernel
  api=4 insize=9342 outsize=4297 ok=1
Cmd: compileComputeKernel
  api=4 insize=9677 outsize=6357 ok=1
Cmd: compileComputeKernel
  api=4 insize=17611 outsize=7462 ok=1
Cmd: compileComputeKernel
  api=4 insize=1326 outsize=620 ok=1
Cmd: compileComputeKernel
  api=4 insize=13862 outsize=4526 ok=1
Cmd: compileComputeKernel
  api=4 insize=3105 outsize=494 ok=1
Cmd: compileComputeKernel
  api=4 insize=39604 outsize=35783 ok=1
Cmd: compileComputeKernel
  api=4 insize=39604 outsize=1590 ok=1
Cmd: compileComputeKernel
  api=4 insize=8319 outsize=6725 ok=1
Cmd: compileComputeKernel
  api=4 insize=21755 outsize=14637 ok=1
Cmd: compileComputeKernel
  api=4 insize=9567 outsize=9494 ok=1
Cmd: compileComputeKernel
  api=4 insize=21811 outsize=2349 ok=1
Cmd: compileComputeKernel
  api=4 insize=6596 outsize=1574 ok=1
Cmd: compileComputeKernel
  api=4 insize=25900 outsize=15917 ok=1
Cmd: compileComputeKernel
  api=4 insize=16083 outsize=32047 ok=1
Cmd: compileComputeKernel
  api=4 insize=16083 outsize=51069 ok=1
Cmd: compileComputeKernel
  api=4 insize=16083 outsize=24386 ok=1
Cmd: compileComputeKernel
  api=4 insize=16083 outsize=70002 ok=1
Cmd: compileComputeKernel
  api=4 insize=16083 outsize=72695 ok=1
Cmd: compileComputeKernel
  api=4 insize=11912 outsize=953 ok=1
Cmd: compileComputeKernel
  api=4 insize=7401 outsize=1033 ok=1
Cmd: compileComputeKernel
  api=4 insize=10327 outsize=7759 ok=1
Cmd: compileSnippet
  api=4 type=1 insize=1590 outsize=318 kw= pd=UNITY_ENABLE_REFLECTION_BUFFERS UNITY_USE_DITHER_MASK_FOR_ALPHABLENDED_SHADOWS UNITY_PBS_USE_BRDF1 UNITY_SPECCUBE_BOX_PROJECTION UNITY_SPECCUBE_BLENDING UNITY_ENABLE_DETAIL_NORMALMAP SHADER_API_DESKTOP UNITY_LIGHT_PROBE_PROXY_VOLUME UNITY_LIGHTMAP_FULL_HDR ok=1
Cmd: compileSnippet
  api=4 type=1 insize=824 outsize=106 kw= pd=UNITY_ENABLE_REFLECTION_BUFFERS UNITY_USE_DITHER_MASK_FOR_ALPHABLENDED_SHADOWS UNITY_PBS_USE_BRDF1 UNITY_SPECCUBE_BOX_PROJECTION UNITY_SPECCUBE_BLENDING UNITY_ENABLE_DETAIL_NORMALMAP SHADER_API_DESKTOP UNITY_LIGHT_PROBE_PROXY_VOLUME UNITY_LIGHTMAP_FULL_HDR ok=1
