Base path: 'C:/Program Files/Unity/Hub/Editor/2019.4.21f1/Editor/Data', plugins path 'C:/Program Files/Unity/Hub/Editor/2019.4.21f1/Editor/Data/PlaybackEngines'
Cmd: initializeCompiler
Cmd: compileComputeKernel
  api=4 insize=9342 outsize=471 ok=1
Cmd: compileComputeKernel
  api=4 insize=9677 outsize=5242 ok=1
Cmd: compileComputeKernel
  api=4 insize=17611 outsize=8303 ok=1
Cmd: compileComputeKernel
  api=4 insize=13862 outsize=2201 ok=1
Cmd: compileComputeKernel
  api=4 insize=39604 outsize=40234 ok=1
Cmd: compileComputeKernel
  api=4 insize=21755 outsize=14163 ok=1
Cmd: compileComputeKernel
  api=4 insize=9232 outsize=6297 ok=1
Cmd: compileComputeKernel
  api=4 insize=21811 outsize=5115 ok=1
Cmd: compileComputeKernel
  api=4 insize=6596 outsize=899 ok=1
Cmd: compileComputeKernel
  api=4 insize=6596 outsize=988 ok=1
Cmd: compileComputeKernel
  api=4 insize=25900 outsize=15193 ok=1
Cmd: compileComputeKernel
  api=4 insize=16083 outsize=101466 ok=1
Cmd: compileComputeKernel
  api=4 insize=16083 outsize=53326 ok=1
Cmd: compileComputeKernel
  api=4 insize=8565 outsize=5561 ok=1
Cmd: compileComputeKernel
  api=4 insize=27979 outsize=5639 ok=1
Cmd: compileSnippet
  api=4 type=0 insize=1590 outsize=402 kw= pd=UNITY_ENABLE_REFLECTION_BUFFERS UNITY_USE_DITHER_MASK_FOR_ALPHABLENDED_SHADOWS UNITY_PBS_USE_BRDF1 UNITY_SPECCUBE_BOX_PROJECTION UNITY_SPECCUBE_BLENDING UNITY_ENABLE_DETAIL_NORMALMAP SHADER_API_DESKTOP UNITY_LIGHT_PROBE_PROXY_VOLUME UNITY_LIGHTMAP_FULL_HDR ok=1
Cmd: compileSnippet
  api=4 type=0 insize=824 outsize=402 kw= pd=UNITY_ENABLE_REFLECTION_BUFFERS UNITY_USE_DITHER_MASK_FOR_ALPHABLENDED_SHADOWS UNITY_PBS_USE_BRDF1 UNITY_SPECCUBE_BOX_PROJECTION UNITY_SPECCUBE_BLENDING UNITY_ENABLE_DETAIL_NORMALMAP SHADER_API_DESKTOP UNITY_LIGHT_PROBE_PROXY_VOLUME UNITY_LIGHTMAP_FULL_HDR ok=1
Cmd: compileSnippet
  api=4 type=0 insize=2984 outsize=1306 kw= pd=UNITY_ENABLE_REFLECTION_BUFFERS UNITY_USE_DITHER_MASK_FOR_ALPHABLENDED_SHADOWS UNITY_PBS_USE_BRDF1 UNITY_SPECCUBE_BOX_PROJECTION UNITY_SPECCUBE_BLENDING UNITY_ENABLE_DETAIL_NORMALMAP SHADER_API_DESKTOP UNITY_LIGHT_PROBE_PROXY_VOLUME UNITY_LIGHTMAP_FULL_HDR ok=1
